SQL> SET ECHO ON


SQL> SET FEEDBACK ON
SQL> SET LINESIZE 300
SQL> SET PAGESIZE 200
SQL> 
SQL> --1


SQL> EXPLAIN PLAN FOR
  2  SELECT O_ORDERDATE, O_CUSTKEY
  3  FROM ORDERS
  4  WHERE O_ORDERDATE > '31-DEC-1994' AND
  5   O_ORDERDATE < '01-JAN-1996';



Explained.

SQL> 
SQL> SELECT * FROM TABLE(DBMS_XPLAN.DISPLAY);


                                                                 PLAN_TABLE_OUTPUT 
__________________________________________________________________________________ 
Plan hash value: 1275100350                                                        
                                                                                   
----------------------------------------------------------------------------       
| Id  | Operation         | Name   | Rows  | Bytes | Cost (%CPU)| Time     |       
----------------------------------------------------------------------------       
|   0 | SELECT STATEMENT  |        |     1 |    22 |     3   (0)| 00:00:01 |       
|*  1 |  TABLE ACCESS FULL| ORDERS |     1 |    22 |     3   (0)| 00:00:01 |       
----------------------------------------------------------------------------       
                                                                                   
Predicate Information (identified by operation id):                                
---------------------------------------------------                                
                                                                                   
   1 - filter("O_ORDERDATE">TO_DATE(' 1994-12-31 00:00:00',                        
              'syyyy-mm-dd hh24:mi:ss') AND "O_ORDERDATE"<TO_DATE(' 1996-01-01     
              00:00:00', 'syyyy-mm-dd hh24:mi:ss'))                                


15 rows selected. 

SQL> CREATE INDEX ORDERS_IDX ON ORDERS(O_ORDERDATE, O_CUSTKEY);



Index ORDERS_IDX created.

SQL> 
SQL> EXPLAIN PLAN FOR
  2  SELECT O_ORDERDATE, O_CUSTKEY
  3  FROM ORDERS
  4  WHERE O_ORDERDATE > '31-DEC-1994' AND
  5   O_ORDERDATE < '01-JAN-1996';



Explained.

SQL> 
SQL> SELECT * FROM TABLE(DBMS_XPLAN.DISPLAY);


                                                                 PLAN_TABLE_OUTPUT 
__________________________________________________________________________________ 
Plan hash value: 1323323054                                                        
                                                                                   
-------------------------------------------------------------------------------    
| Id  | Operation        | Name       | Rows  | Bytes | Cost (%CPU)| Time     |    
-------------------------------------------------------------------------------    
|   0 | SELECT STATEMENT |            |     1 |    22 |     1   (0)| 00:00:01 |    
|*  1 |  INDEX RANGE SCAN| ORDERS_IDX |     1 |    22 |     1   (0)| 00:00:01 |    
-------------------------------------------------------------------------------    
                                                                                   
Predicate Information (identified by operation id):                                
---------------------------------------------------                                
                                                                                   
   1 - access("O_ORDERDATE">TO_DATE(' 1994-12-31 00:00:00',                        
              'syyyy-mm-dd hh24:mi:ss') AND "O_ORDERDATE"<TO_DATE(' 1996-01-01     
              00:00:00', 'syyyy-mm-dd hh24:mi:ss'))                                


15 rows selected. 

SQL> DROP INDEX ORDERS_IDX;



Index ORDERS_IDX dropped.

SQL> 
SQL> --2


SQL> EXPLAIN PLAN FOR
  2  SELECT L_PARTKEY, L_SUPPKEY
  3  FROM LINEITEM
  4  WHERE ( L_TAX IN (0.02, 0.06) OR L_DISCOUNT> 0.4 ) AND
  5   L_EXTENDEDPRICE = 7232;



Explained.

SQL> 
SQL> SELECT * FROM TABLE(DBMS_XPLAN.DISPLAY);


                                                                PLAN_TABLE_OUTPUT 
_________________________________________________________________________________ 
Plan hash value: 98068815                                                         
                                                                                  
------------------------------------------------------------------------------    
| Id  | Operation         | Name     | Rows  | Bytes | Cost (%CPU)| Time     |    
------------------------------------------------------------------------------    
|   0 | SELECT STATEMENT  |          |     1 |    65 |     5   (0)| 00:00:01 |    
|*  1 |  TABLE ACCESS FULL| LINEITEM |     1 |    65 |     5   (0)| 00:00:01 |    
------------------------------------------------------------------------------    
                                                                                  
Predicate Information (identified by operation id):                               
---------------------------------------------------                               
                                                                                  
   1 - filter("L_EXTENDEDPRICE"=7232 AND ("L_DISCOUNT">0.4 OR                     
              ("L_TAX"=0.02 OR "L_TAX"=0.06)))                                    


14 rows selected. 

SQL> 
SQL> CREATE INDEX LINEITEM_IDX ON LINEITEM(L_TAX, L_DISCOUNT, L_EXTENDEDPRICE, L_PARTKEY, L_SUPPKEY);



Index LINEITEM_IDX created.

SQL> 
SQL> EXPLAIN PLAN FOR
  2  SELECT L_PARTKEY, L_SUPPKEY
  3  FROM LINEITEM
  4  WHERE ( L_TAX IN (0.02, 0.06) OR L_DISCOUNT> 0.4 ) AND
  5   L_EXTENDEDPRICE = 7232;



Explained.

SQL> 
SQL> SELECT * FROM TABLE(DBMS_XPLAN.DISPLAY);


                                                                       PLAN_TABLE_OUTPUT 
________________________________________________________________________________________ 
Plan hash value: 2708604597                                                              
                                                                                         
-------------------------------------------------------------------------------------    
| Id  | Operation            | Name         | Rows  | Bytes | Cost (%CPU)| Time     |    
-------------------------------------------------------------------------------------    
|   0 | SELECT STATEMENT     |              |     1 |    65 |     2   (0)| 00:00:01 |    
|*  1 |  INDEX FAST FULL SCAN| LINEITEM_IDX |     1 |    65 |     2   (0)| 00:00:01 |    
-------------------------------------------------------------------------------------    
                                                                                         
Predicate Information (identified by operation id):                                      
---------------------------------------------------                                      
                                                                                         
   1 - filter("L_EXTENDEDPRICE"=7232 AND ("L_DISCOUNT">0.4 OR ("L_TAX"=0.02              
              OR "L_TAX"=0.06)))                                                         


14 rows selected. 

SQL> DROP INDEX LINEITEM_IDX;



Index LINEITEM_IDX dropped.

SQL> 
SQL> --3 


SQL> EXPLAIN PLAN FOR
  2  SELECT DISTINCT PS_AVAILQTY, PS_SUPPLYCOST, PS_SUPPKEY
  3  FROM PARTSUPP;



Explained.

SQL> 
SQL> SELECT * FROM TABLE(DBMS_XPLAN.DISPLAY);


                                                                 PLAN_TABLE_OUTPUT 
__________________________________________________________________________________ 
Plan hash value: 720660522                                                         
                                                                                   
-------------------------------------------------------------------------------    
| Id  | Operation          | Name     | Rows  | Bytes | Cost (%CPU)| Time     |    
-------------------------------------------------------------------------------    
|   0 | SELECT STATEMENT   |          |     1 |    39 |     4  (25)| 00:00:01 |    
|   1 |  HASH UNIQUE       |          |     1 |    39 |     4  (25)| 00:00:01 |    
|   2 |   TABLE ACCESS FULL| PARTSUPP |     1 |    39 |     3   (0)| 00:00:01 |    
-------------------------------------------------------------------------------    


9 rows selected. 

SQL> 
SQL> CREATE INDEX PARTSUPP_IDX ON PARTSUPP(PS_AVAILQTY, PS_SUPPLYCOST, PS_SUPPKEY);



Index PARTSUPP_IDX created.

SQL> 
SQL> EXPLAIN PLAN FOR
  2  SELECT DISTINCT PS_AVAILQTY, PS_SUPPLYCOST, PS_SUPPKEY
  3  FROM PARTSUPP;



Explained.

SQL> 
SQL> SELECT * FROM TABLE(DBMS_XPLAN.DISPLAY);


                                                                     PLAN_TABLE_OUTPUT 
______________________________________________________________________________________ 
Plan hash value: 889854993                                                             
                                                                                       
-----------------------------------------------------------------------------------    
| Id  | Operation          | Name         | Rows  | Bytes | Cost (%CPU)| Time     |    
-----------------------------------------------------------------------------------    
|   0 | SELECT STATEMENT   |              |     1 |    39 |     2  (50)| 00:00:01 |    
|   1 |  SORT UNIQUE NOSORT|              |     1 |    39 |     2  (50)| 00:00:01 |    
|   2 |   INDEX FULL SCAN  | PARTSUPP_IDX |     1 |    39 |     1   (0)| 00:00:01 |    
-----------------------------------------------------------------------------------    


9 rows selected. 

SQL> DROP INDEX PARTSUPP_IDX;



Index PARTSUPP_IDX dropped.

SQL> 
SQL> 
SQL> --4


SQL> EXPLAIN PLAN FOR
  2  SELECT P_BRAND, AVG(P_RETAILPRICE)
  3  FROM PART
  4  GROUP BY P_BRAND;



Explained.

SQL> 
SQL> SELECT * FROM TABLE(DBMS_XPLAN.DISPLAY);


                                                             PLAN_TABLE_OUTPUT 
______________________________________________________________________________ 
Plan hash value: 3898611309                                                    
                                                                               
---------------------------------------------------------------------------    
| Id  | Operation          | Name | Rows  | Bytes | Cost (%CPU)| Time     |    
---------------------------------------------------------------------------    
|   0 | SELECT STATEMENT   |      |     1 |    25 |     4  (25)| 00:00:01 |    
|   1 |  HASH GROUP BY     |      |     1 |    25 |     4  (25)| 00:00:01 |    
|   2 |   TABLE ACCESS FULL| PART |     1 |    25 |     3   (0)| 00:00:01 |    
---------------------------------------------------------------------------    


9 rows selected. 

SQL> 
SQL> CREATE INDEX PART_IDX ON PART(P_BRAND, P_RETAILPRICE);



Index PART_IDX created.

SQL> 
SQL> EXPLAIN PLAN FOR
  2  SELECT P_BRAND, AVG(P_RETAILPRICE)
  3  FROM PART
  4  GROUP BY P_BRAND;



Explained.

SQL> 
SQL> SELECT * FROM TABLE(DBMS_XPLAN.DISPLAY);


                                                                   PLAN_TABLE_OUTPUT 
____________________________________________________________________________________ 
Plan hash value: 333226502                                                           
                                                                                     
---------------------------------------------------------------------------------    
| Id  | Operation            | Name     | Rows  | Bytes | Cost (%CPU)| Time     |    
---------------------------------------------------------------------------------    
|   0 | SELECT STATEMENT     |          |     1 |    25 |     1   (0)| 00:00:01 |    
|   1 |  SORT GROUP BY NOSORT|          |     1 |    25 |     1   (0)| 00:00:01 |    
|   2 |   INDEX FULL SCAN    | PART_IDX |     1 |    25 |     1   (0)| 00:00:01 |    
---------------------------------------------------------------------------------    


9 rows selected. 

SQL> DROP INDEX PART_IDX;



Index PART_IDX dropped.

SQL> 
SQL> 
SQL> --5


SQL> EXPLAIN PLAN FOR
  2  SELECT *
  3  FROM SUPPLIER
  4  ORDER BY S_NAME, S_NATIONKEY;



Explained.

SQL> 
SQL> SELECT * FROM TABLE(DBMS_XPLAN.DISPLAY);


                                                                 PLAN_TABLE_OUTPUT 
__________________________________________________________________________________ 
Plan hash value: 3317074190                                                        
                                                                                   
-------------------------------------------------------------------------------    
| Id  | Operation          | Name     | Rows  | Bytes | Cost (%CPU)| Time     |    
-------------------------------------------------------------------------------    
|   0 | SELECT STATEMENT   |          |     1 |   157 |     4  (25)| 00:00:01 |    
|   1 |  SORT ORDER BY     |          |     1 |   157 |     4  (25)| 00:00:01 |    
|   2 |   TABLE ACCESS FULL| SUPPLIER |     1 |   157 |     3   (0)| 00:00:01 |    
-------------------------------------------------------------------------------    


9 rows selected. 

SQL> 
SQL> CREATE INDEX SUPPLIER_IDX ON SUPPLIER(S_NAME, S_NATIONKEY);



Index SUPPLIER_IDX created.

SQL> 
SQL> EXPLAIN PLAN FOR
  2  SELECT *
  3  FROM SUPPLIER
  4  ORDER BY S_NAME, S_NATIONKEY;



Explained.

SQL> 
SQL> SELECT * FROM TABLE(DBMS_XPLAN.DISPLAY);


                                                                              PLAN_TABLE_OUTPUT 
_______________________________________________________________________________________________ 
Plan hash value: 1435419994                                                                     
                                                                                                
--------------------------------------------------------------------------------------------    
| Id  | Operation                   | Name         | Rows  | Bytes | Cost (%CPU)| Time     |    
--------------------------------------------------------------------------------------------    
|   0 | SELECT STATEMENT            |              |     1 |   157 |     2   (0)| 00:00:01 |    
|   1 |  TABLE ACCESS BY INDEX ROWID| SUPPLIER     |     1 |   157 |     2   (0)| 00:00:01 |    
|   2 |   INDEX FULL SCAN           | SUPPLIER_IDX |     1 |       |     1   (0)| 00:00:01 |    
--------------------------------------------------------------------------------------------    


9 rows selected. 

SQL> DROP INDEX SUPPLIER_IDX;



Index SUPPLIER_IDX dropped.

SQL> 
SQL> SPOOL OFF;


